2020-01-23 22:38:21,301 INFO     Session Started
2020-01-23 22:38:30,401 INFO     Load YAML database...
2020-01-23 22:38:30,402 ERROR    An error occurred while parsing YAML file

Please correct data and retry.
Parser says:
  in "D:/Documents/GitHub/nepyh/errortests/test_YAMLError.yml", line 4, column 9
mapping values are not allowed here

Use lint to validate your code: http://www.yamllint.com/
2020-01-23 22:38:40,925 INFO     Load YAML database...
2020-01-23 22:38:40,931 INFO     Create Jinja2 Environment...
2020-01-23 22:38:40,934 INFO     Load Jinja2 Template...
2020-01-23 22:38:40,944 INFO     Rendering templates...
2020-01-23 22:38:40,945 INFO     Configuration 'R1.txt' created...
2020-01-23 22:38:40,947 INFO     Configuration 'R2.txt' created...
2020-01-23 22:38:47,685 INFO     Load YAML database...
2020-01-23 22:38:47,691 INFO     Create Jinja2 Environment...
2020-01-23 22:38:47,696 INFO     Load Jinja2 Template...
2020-01-23 22:38:47,704 ERROR    An error occurred while reading Jinja2 template

Please correct data and retry.
Syntax check failed:
 Unexpected end of template. Jinja was looking for the following tags: 'elif' or 'else' or 'endif'. The innermost block that needs to be closed is 'if'. in D:\Documents\GitHub\nepyh\errortests\test_TemplateSyntaxError.j2 at line 25
2020-01-23 22:38:52,812 INFO     Session Finished
